Using pre-set license
Built from '2021.3/staging' branch; Version is '2021.3.26f1 (a16dc32e0ff2) revision 10579395'; Using compiler version '192829333'; Build Type 'Release'
OS: 'Windows 11  (10.0.22621) 64bit CoreSingleLanguage' Language: 'es' Physical Memory: 7971 MB
BatchMode: 1, IsHumanControllingUs: 0, StartBugReporterOnCrash: 0, Is64bit: 1, IsPro: 1

COMMAND LINE ARGUMENTS:
C:\Program Files\Unity\Hub\Editor\2021.3.26f1\Editor\Unity.exe
-adb2
-batchMode
-noUpm
-name
AssetImportWorker0
-projectPath
C:/Users/leo_k/OneDrive/Documentos/GitHub/Verdeando/VerdeandoTheGame
-logFile
Logs/AssetImportWorker0.log
-srvPort
64553
Successfully changed project path to: C:/Users/leo_k/OneDrive/Documentos/GitHub/Verdeando/VerdeandoTheGame
C:/Users/leo_k/OneDrive/Documentos/GitHub/Verdeando/VerdeandoTheGame
[UnityMemory] Configuration Parameters - Can be set up in boot.config
    "memorysetup-bucket-allocator-granularity=16"
    "memorysetup-bucket-allocator-bucket-count=8"
    "memorysetup-bucket-allocator-block-size=33554432"
    "memorysetup-bucket-allocator-block-count=8"
    "memorysetup-main-allocator-block-size=16777216"
    "memorysetup-thread-allocator-block-size=16777216"
    "memorysetup-gfx-main-allocator-block-size=16777216"
    "memorysetup-gfx-thread-allocator-block-size=16777216"
    "memorysetup-cache-allocator-block-size=4194304"
    "memorysetup-typetree-allocator-block-size=2097152"
    "memorysetup-profiler-bucket-allocator-granularity=16"
    "memorysetup-profiler-bucket-allocator-bucket-count=8"
    "memorysetup-profiler-bucket-allocator-block-size=33554432"
    "memorysetup-profiler-bucket-allocator-block-count=8"
    "memorysetup-profiler-allocator-block-size=16777216"
    "memorysetup-profiler-editor-allocator-block-size=1048576"
    "memorysetup-temp-allocator-size-main=16777216"
    "memorysetup-job-temp-allocator-block-size=2097152"
    "memorysetup-job-temp-allocator-block-size-background=1048576"
    "memorysetup-job-temp-allocator-reduction-small-platforms=262144"
    "memorysetup-temp-allocator-size-background-worker=32768"
    "memorysetup-temp-allocator-size-job-worker=262144"
    "memorysetup-temp-allocator-size-preload-manager=33554432"
    "memorysetup-temp-allocator-size-nav-mesh-worker=65536"
    "memorysetup-temp-allocator-size-audio-worker=65536"
    "memorysetup-temp-allocator-size-cloud-worker=32768"
    "memorysetup-temp-allocator-size-gi-baking-worker=262144"
    "memorysetup-temp-allocator-size-gfx=262144"
Player connection [5724] Host "[IP] 192.168.100.89 [Port] 0 [Flags] 2 [Guid] 430277234 [EditorId] 430277234 [Version] 1048832 [Id] WindowsEditor(7,Leo) [Debug] 1 [PackageName] WindowsEditor [ProjectName] Editor" joined multi-casting on [225.0.0.222:54997]...

Player connection [5724] Host "[IP] 192.168.100.89 [Port] 0 [Flags] 2 [Guid] 430277234 [EditorId] 430277234 [Version] 1048832 [Id] WindowsEditor(7,Leo) [Debug] 1 [PackageName] WindowsEditor [ProjectName] Editor" joined alternative multi-casting on [225.0.0.222:34997]...

Refreshing native plugins compatible for Editor in 64.86 ms, found 3 plugins.
Preloading 0 native plugins for Editor in 0.00 ms.
Initialize engine version: 2021.3.26f1 (a16dc32e0ff2)
[Subsystems] Discovering subsystems at path C:/Program Files/Unity/Hub/Editor/2021.3.26f1/Editor/Data/Resources/UnitySubsystems
[Subsystems] Discovering subsystems at path C:/Users/leo_k/OneDrive/Documentos/GitHub/Verdeando/VerdeandoTheGame/Assets
GfxDevice: creating device client; threaded=0; jobified=0
Direct3D:
    Version:  Direct3D 11.0 [level 11.1]
    Renderer: Intel(R) UHD Graphics (ID=0x9a78)
    Vendor:   Intel
    VRAM:     3985 MB
    Driver:   31.0.101.4255
Initialize mono
Mono path[0] = 'C:/Program Files/Unity/Hub/Editor/2021.3.26f1/Editor/Data/Managed'
Mono path[1] = 'C:/Program Files/Unity/Hub/Editor/2021.3.26f1/Editor/Data/MonoBleedingEdge/lib/mono/unityjit-win32'
Mono config path = 'C:/Program Files/Unity/Hub/Editor/2021.3.26f1/Editor/Data/MonoBleedingEdge/etc'
Using monoOptions --debugger-agent=transport=dt_socket,embedding=1,server=y,suspend=n,address=127.0.0.1:56572
Begin MonoManager ReloadAssembly
Registering precompiled unity dll's ...
Register platform support module: C:/Program Files/Unity/Hub/Editor/2021.3.26f1/Editor/Data/PlaybackEngines/WebGLSupport/UnityEditor.WebGL.Extensions.dll
Register platform support module: C:/Program Files/Unity/Hub/Editor/2021.3.26f1/Editor/Data/PlaybackEngines/AndroidPlayer/UnityEditor.Android.Extensions.dll
Register platform support module: C:/Program Files/Unity/Hub/Editor/2021.3.26f1/Editor/Data/PlaybackEngines/WindowsStandaloneSupport/UnityEditor.WindowsStandalone.Extensions.dll
Registered in 0.005552 seconds.
Native extension for WindowsStandalone target not found
Native extension for Android target not found
Android Extension - Scanning For ADB Devices 267 ms
Native extension for WebGL target not found
Refreshing native plugins compatible for Editor in 66.84 ms, found 3 plugins.
Preloading 0 native plugins for Editor in 0.00 ms.
Mono: successfully reloaded assembly
- Completed reload, in  0.854 seconds
Domain Reload Profiling:
	ReloadAssembly (854ms)
		BeginReloadAssembly (84ms)
			ExecutionOrderSort (0ms)
			DisableScriptedObjects (0ms)
			BackupInstance (0ms)
			ReleaseScriptingObjects (0ms)
			CreateAndSetChildDomain (1ms)
		EndReloadAssembly (680ms)
			LoadAssemblies (82ms)
			RebuildTransferFunctionScriptingTraits (0ms)
			SetupTypeCache (94ms)
			ReleaseScriptCaches (0ms)
			RebuildScriptCaches (24ms)
			SetupLoadedEditorAssemblies (519ms)
				LogAssemblyErrors (0ms)
				InitializePlatformSupportModulesInManaged (344ms)
				SetLoadedEditorAssemblies (0ms)
				RefreshPlugins (67ms)
				BeforeProcessingInitializeOnLoad (1ms)
				ProcessInitializeOnLoadAttributes (72ms)
				ProcessInitializeOnLoadMethodAttributes (35ms)
				AfterProcessingInitializeOnLoad (0ms)
				EditorAssembliesLoaded (0ms)
			ExecutionOrderSort2 (0ms)
			AwakeInstancesAfterBackupRestoration (0ms)
Platform modules already initialized, skipping
Registering precompiled user dll's ...
Registered in 0.004224 seconds.
Begin MonoManager ReloadAssembly
Symbol file LoadedFromMemory doesn't match image C:\Users\leo_k\OneDrive\Documentos\GitHub\Verdeando\VerdeandoTheGame\Library\PackageCache\com.unity.visualscripting@1.8.0\Editor\VisualScripting.Core\Dependencies\YamlDotNet\Unity.VisualScripting.YamlDotNet.dll
Symbol file LoadedFromMemory doesn't match image C:\Users\leo_k\OneDrive\Documentos\GitHub\Verdeando\VerdeandoTheGame\Library\PackageCache\com.unity.visualscripting@1.8.0\Editor\VisualScripting.Core\Dependencies\DotNetZip\Unity.VisualScripting.IonicZip.dll
Native extension for WindowsStandalone target not found
Native extension for Android target not found
Native extension for WebGL target not found
Refreshing native plugins compatible for Editor in 0.53 ms, found 3 plugins.
Preloading 0 native plugins for Editor in 0.00 ms.
Mono: successfully reloaded assembly
- Completed reload, in  0.850 seconds
Domain Reload Profiling:
	ReloadAssembly (851ms)
		BeginReloadAssembly (112ms)
			ExecutionOrderSort (0ms)
			DisableScriptedObjects (4ms)
			BackupInstance (0ms)
			ReleaseScriptingObjects (0ms)
			CreateAndSetChildDomain (19ms)
		EndReloadAssembly (649ms)
			LoadAssemblies (91ms)
			RebuildTransferFunctionScriptingTraits (0ms)
			SetupTypeCache (185ms)
			ReleaseScriptCaches (1ms)
			RebuildScriptCaches (43ms)
			SetupLoadedEditorAssemblies (313ms)
				LogAssemblyErrors (0ms)
				InitializePlatformSupportModulesInManaged (18ms)
				SetLoadedEditorAssemblies (0ms)
				RefreshPlugins (1ms)
				BeforeProcessingInitializeOnLoad (66ms)
				ProcessInitializeOnLoadAttributes (204ms)
				ProcessInitializeOnLoadMethodAttributes (18ms)
				AfterProcessingInitializeOnLoad (6ms)
				EditorAssembliesLoaded (0ms)
			ExecutionOrderSort2 (0ms)
			AwakeInstancesAfterBackupRestoration (5ms)
Platform modules already initialized, skipping
========================================================================
Worker process is ready to serve import requests
Launched and connected shader compiler UnityShaderCompiler.exe after 0.05 seconds
Refreshing native plugins compatible for Editor in 0.50 ms, found 3 plugins.
Preloading 0 native plugins for Editor in 0.00 ms.
Unloading 2935 Unused Serialized files (Serialized files now loaded: 0)
Unloading 21 unused Assets / (258.1 KB). Loaded Objects now: 3423.
Memory consumption went from 127.5 MB to 127.3 MB.
Total: 2.593100 ms (FindLiveObjects: 0.254900 ms CreateObjectMapping: 0.102300 ms MarkObjects: 2.207200 ms  DeleteObjects: 0.027400 ms)

AssetImportParameters requested are different than current active one (requested -> active):
  custom:video-decoder-ogg-theora: a1e56fd34408186e4bbccfd4996cb3dc -> 
  custom:container-muxer-webm: aa71ff27fc2769a1b78a27578f13a17b -> 
  custom:container-demuxer-webm: 4f35f7cbe854078d1ac9338744f61a02 -> 
  custom:video-encoder-webm-vp8: eb34c28f22e8b96e1ab97ce403110664 -> 
  custom:video-codec-MediaFoundation-h265: 746d11721c4dcdbdad8f713fa42b33f4 -> 
  custom:audio-encoder-webm-vorbis: bf7c407c2cedff20999df2af8eb42d56 -> 
  custom:framework-win-MediaFoundation: 216162199b28c13a410421893ffa2e32 -> 
  custom:container-demuxer-ogg: 62fdf1f143b41e24485cea50d1cbac27 -> 
  custom:video-decoder-webm-vp8: 9c59270c3fd7afecdb556c50c9e8de78 -> 
  custom:audio-decoder-ogg-vorbis: bf7c407c2cedff20999df2af8eb42d56 -> 
========================================================================
Received Import Request.
  Time since last request: 767368.217544 seconds.
  path: Assets/Prefab/Worker.prefab
  artifactKey: Guid(5832b766e71ec4846a2069f63211d2b2) Importer(815301076,1909f56bfc062723c751e8b465ee728b)
Start importing Assets/Prefab/Worker.prefab using Guid(5832b766e71ec4846a2069f63211d2b2) Importer(815301076,1909f56bfc062723c751e8b465ee728b)  -> (artifact id: 'ebfce8487317bdf038a54163cfb14e99') in 0.074387 seconds 
========================================================================
Received Import Request.
  Time since last request: 0.569557 seconds.
  path: Assets/Scenes/SampleScene.unity
  artifactKey: Guid(2cda990e2423bbf4892e6590ba056729) Importer(815301076,1909f56bfc062723c751e8b465ee728b)
Start importing Assets/Scenes/SampleScene.unity using Guid(2cda990e2423bbf4892e6590ba056729) Importer(815301076,1909f56bfc062723c751e8b465ee728b)  -> (artifact id: '94f50436124f1a8bbe4cfab72b455dc1') in 0.010083 seconds 
========================================================================
Received Import Request.
  Time since last request: 139.712032 seconds.
  path: Assets/Scenes/MenuPrincipal.unity
  artifactKey: Guid(2cda990e2423bbf4892e6590ba056729) Importer(815301076,1909f56bfc062723c751e8b465ee728b)
Start importing Assets/Scenes/MenuPrincipal.unity using Guid(2cda990e2423bbf4892e6590ba056729) Importer(815301076,1909f56bfc062723c751e8b465ee728b)  -> (artifact id: '841202a808cf57c43e78d25ee5fab217') in 0.020564 seconds 
========================================================================
Received Import Request.
  Time since last request: 12.248938 seconds.
  path: Assets/Scenes
  artifactKey: Guid(61c0ea5ebd504604582f49fcb94eaf23) Importer(815301076,1909f56bfc062723c751e8b465ee728b)
Start importing Assets/Scenes using Guid(61c0ea5ebd504604582f49fcb94eaf23) Importer(815301076,1909f56bfc062723c751e8b465ee728b)  -> (artifact id: '02e7ddab08fdcdd5a035f022078de904') in 0.023018 seconds 
========================================================================
Received Import Request.
  Time since last request: 1.572194 seconds.
  path: Assets/Scenes/MainMenu.unity
  artifactKey: Guid(134d1282b1de1e842bb6a4d25c74f5fd) Importer(815301076,1909f56bfc062723c751e8b465ee728b)
Start importing Assets/Scenes/MainMenu.unity using Guid(134d1282b1de1e842bb6a4d25c74f5fd) Importer(815301076,1909f56bfc062723c751e8b465ee728b)  -> (artifact id: 'c15c723bf3cdc9913368a7e6ec1d32d4') in 0.017745 seconds 
========================================================================
Received Import Request.
  Time since last request: 6.766187 seconds.
  path: Assets/Scenes/Inicio.unity
  artifactKey: Guid(134d1282b1de1e842bb6a4d25c74f5fd) Importer(815301076,1909f56bfc062723c751e8b465ee728b)
Start importing Assets/Scenes/Inicio.unity using Guid(134d1282b1de1e842bb6a4d25c74f5fd) Importer(815301076,1909f56bfc062723c751e8b465ee728b)  -> (artifact id: 'd1c3909fcff606e87aa6c569a6d3ea4f') in 0.014643 seconds 
========================================================================
Received Import Request.
  Time since last request: 159.454205 seconds.
  path: Assets/Images/Fondo.png
  artifactKey: Guid(591577abcac8d0e499efda3923cec6d4) Importer(815301076,1909f56bfc062723c751e8b465ee728b)
Start importing Assets/Images/Fondo.png using Guid(591577abcac8d0e499efda3923cec6d4) Importer(815301076,1909f56bfc062723c751e8b465ee728b)  -> (artifact id: 'a661ca4f0de642163e70c69cb391c6df') in 0.112723 seconds 
========================================================================
Received Import Request.
  Time since last request: 62.941828 seconds.
  path: Assets/Images/Rectangle 1.png
  artifactKey: Guid(dcd4b13d9600ca04cb5d7272ee548266) Importer(815301076,1909f56bfc062723c751e8b465ee728b)
Start importing Assets/Images/Rectangle 1.png using Guid(dcd4b13d9600ca04cb5d7272ee548266) Importer(815301076,1909f56bfc062723c751e8b465ee728b)  -> (artifact id: '17fab613a7655c903a8d743bcd8a80c3') in 0.032587 seconds 
========================================================================
Received Import Request.
  Time since last request: 9.762639 seconds.
  path: Assets/Images/Inicio
  artifactKey: Guid(2572a65a80335bc4ba401ef5eb8bb633) Importer(815301076,1909f56bfc062723c751e8b465ee728b)
Start importing Assets/Images/Inicio using Guid(2572a65a80335bc4ba401ef5eb8bb633) Importer(815301076,1909f56bfc062723c751e8b465ee728b)  -> (artifact id: 'aa423f88accc4c3eed8d027498106755') in 0.017095 seconds 
========================================================================
Received Prepare
Registering precompiled user dll's ...
Registered in 0.004512 seconds.
Begin MonoManager ReloadAssembly
Symbol file LoadedFromMemory doesn't match image C:\Users\leo_k\OneDrive\Documentos\GitHub\Verdeando\VerdeandoTheGame\Library\PackageCache\com.unity.visualscripting@1.8.0\Editor\VisualScripting.Core\Dependencies\YamlDotNet\Unity.VisualScripting.YamlDotNet.dll
Symbol file LoadedFromMemory doesn't match image C:\Users\leo_k\OneDrive\Documentos\GitHub\Verdeando\VerdeandoTheGame\Library\PackageCache\com.unity.visualscripting@1.8.0\Editor\VisualScripting.Core\Dependencies\DotNetZip\Unity.VisualScripting.IonicZip.dll
Native extension for WindowsStandalone target not found
Native extension for Android target not found
Native extension for WebGL target not found
Refreshing native plugins compatible for Editor in 1.76 ms, found 3 plugins.
Preloading 0 native plugins for Editor in 0.00 ms.
Mono: successfully reloaded assembly
- Completed reload, in  2.036 seconds
Domain Reload Profiling:
	ReloadAssembly (2039ms)
		BeginReloadAssembly (269ms)
			ExecutionOrderSort (0ms)
			DisableScriptedObjects (10ms)
			BackupInstance (0ms)
			ReleaseScriptingObjects (0ms)
			CreateAndSetChildDomain (78ms)
		EndReloadAssembly (1574ms)
			LoadAssemblies (176ms)
			RebuildTransferFunctionScriptingTraits (0ms)
			SetupTypeCache (457ms)
			ReleaseScriptCaches (3ms)
			RebuildScriptCaches (91ms)
			SetupLoadedEditorAssemblies (772ms)
				LogAssemblyErrors (0ms)
				InitializePlatformSupportModulesInManaged (79ms)
				SetLoadedEditorAssemblies (4ms)
				RefreshPlugins (2ms)
				BeforeProcessingInitializeOnLoad (153ms)
				ProcessInitializeOnLoadAttributes (471ms)
				ProcessInitializeOnLoadMethodAttributes (48ms)
				AfterProcessingInitializeOnLoad (14ms)
				EditorAssembliesLoaded (0ms)
			ExecutionOrderSort2 (0ms)
			AwakeInstancesAfterBackupRestoration (14ms)
Platform modules already initialized, skipping
Refreshing native plugins compatible for Editor in 1.46 ms, found 3 plugins.
Preloading 0 native plugins for Editor in 0.00 ms.
Unloading 2928 Unused Serialized files (Serialized files now loaded: 0)
Unloading 17 unused Assets / (26.3 KB). Loaded Objects now: 3435.
Memory consumption went from 126.9 MB to 126.9 MB.
Total: 3.089400 ms (FindLiveObjects: 0.256300 ms CreateObjectMapping: 0.092600 ms MarkObjects: 2.686100 ms  DeleteObjects: 0.052400 ms)

AssetImportParameters requested are different than current active one (requested -> active):
  custom:video-decoder-ogg-theora: a1e56fd34408186e4bbccfd4996cb3dc -> 
  custom:container-muxer-webm: aa71ff27fc2769a1b78a27578f13a17b -> 
  custom:container-demuxer-webm: 4f35f7cbe854078d1ac9338744f61a02 -> 
  custom:video-encoder-webm-vp8: eb34c28f22e8b96e1ab97ce403110664 -> 
  custom:video-codec-MediaFoundation-h265: 746d11721c4dcdbdad8f713fa42b33f4 -> 
  custom:audio-encoder-webm-vorbis: bf7c407c2cedff20999df2af8eb42d56 -> 
  custom:framework-win-MediaFoundation: 216162199b28c13a410421893ffa2e32 -> 
  custom:container-demuxer-ogg: 62fdf1f143b41e24485cea50d1cbac27 -> 
  custom:video-decoder-webm-vp8: 9c59270c3fd7afecdb556c50c9e8de78 -> 
  custom:audio-decoder-ogg-vorbis: bf7c407c2cedff20999df2af8eb42d56 -> 
========================================================================
Received Import Request.
  Time since last request: 4339.035204 seconds.
  path: Assets/Images/Inicio/Fondo (1).png
  artifactKey: Guid(c76dda0e6e0a6764a9f500e0f89620f5) Importer(815301076,1909f56bfc062723c751e8b465ee728b)
Start importing Assets/Images/Inicio/Fondo (1).png using Guid(c76dda0e6e0a6764a9f500e0f89620f5) Importer(815301076,1909f56bfc062723c751e8b465ee728b)  -> (artifact id: '08c4f657d8656f78128a3a486245f885') in 0.172510 seconds 
========================================================================
Received Import Request.
  Time since last request: 152.033626 seconds.
  path: Assets/Images/INDEX - JUEGO.png
  artifactKey: Guid(5a296950a73d293489c78ac96dc14e7a) Importer(815301076,1909f56bfc062723c751e8b465ee728b)
Start importing Assets/Images/INDEX - JUEGO.png using Guid(5a296950a73d293489c78ac96dc14e7a) Importer(815301076,1909f56bfc062723c751e8b465ee728b)  -> (artifact id: '90ec75dc04bc7285ddf5818cea234583') in 0.073616 seconds 
========================================================================
Received Import Request.
  Time since last request: 664.696200 seconds.
  path: Assets/SO/Building/Almacen.asset
  artifactKey: Guid(bfeb33b5e4ed86d478f8d80ff72daff4) Importer(815301076,1909f56bfc062723c751e8b465ee728b)
Start importing Assets/SO/Building/Almacen.asset using Guid(bfeb33b5e4ed86d478f8d80ff72daff4) Importer(815301076,1909f56bfc062723c751e8b465ee728b)  -> (artifact id: 'c8b808c2eff016547c0f8feb05ea4801') in 0.064306 seconds 
========================================================================
Received Import Request.
  Time since last request: 0.000063 seconds.
  path: Assets/SO/Building/Nave.asset
  artifactKey: Guid(63c80be15d9f2b748806351bb327901b) Importer(815301076,1909f56bfc062723c751e8b465ee728b)
Start importing Assets/SO/Building/Nave.asset using Guid(63c80be15d9f2b748806351bb327901b) Importer(815301076,1909f56bfc062723c751e8b465ee728b)  -> (artifact id: '47bb6a14c576a09d72ae12b86d25b495') in 0.065977 seconds 
========================================================================
Received Import Request.
  Time since last request: 40.665956 seconds.
  path: Assets/Prefab/Worker.prefab
  artifactKey: Guid(5832b766e71ec4846a2069f63211d2b2) Importer(815301076,1909f56bfc062723c751e8b465ee728b)
Start importing Assets/Prefab/Worker.prefab using Guid(5832b766e71ec4846a2069f63211d2b2) Importer(815301076,1909f56bfc062723c751e8b465ee728b)  -> (artifact id: '5d05ec665c9dd1aeab9369eaf25d412f') in 0.285552 seconds 
========================================================================
Received Import Request.
  Time since last request: 76.276444 seconds.
  path: Assets/Scenes/Inicio.unity
  artifactKey: Guid(134d1282b1de1e842bb6a4d25c74f5fd) Importer(815301076,1909f56bfc062723c751e8b465ee728b)
Start importing Assets/Scenes/Inicio.unity using Guid(134d1282b1de1e842bb6a4d25c74f5fd) Importer(815301076,1909f56bfc062723c751e8b465ee728b)  -> (artifact id: 'bb83469a51bfbafc37a25346dcadcd99') in 0.044677 seconds 
========================================================================
Received Import Request.
  Time since last request: 49.862092 seconds.
  path: Assets/Images/Rectangle 2.png
  artifactKey: Guid(d6aac5a79654e9b42a1b47e98b990f6a) Importer(815301076,1909f56bfc062723c751e8b465ee728b)
Start importing Assets/Images/Rectangle 2.png using Guid(d6aac5a79654e9b42a1b47e98b990f6a) Importer(815301076,1909f56bfc062723c751e8b465ee728b)  -> (artifact id: '6c04352bb57e444ad3ff4850bf752b77') in 0.029915 seconds 
========================================================================
Received Import Request.
  Time since last request: 1463.262448 seconds.
  path: Assets/Scripts/GameController.cs
  artifactKey: Guid(bb14d359b067c074095ba8d78229abdd) Importer(815301076,1909f56bfc062723c751e8b465ee728b)
Start importing Assets/Scripts/GameController.cs using Guid(bb14d359b067c074095ba8d78229abdd) Importer(815301076,1909f56bfc062723c751e8b465ee728b)  -> (artifact id: '5d0274401062ae4079403ddf1f3e857a') in 0.029211 seconds 
========================================================================
Received Import Request.
  Time since last request: 100.045154 seconds.
  path: Assets/Scripts/GameController.cs
  artifactKey: Guid(bb14d359b067c074095ba8d78229abdd) Importer(815301076,1909f56bfc062723c751e8b465ee728b)
Start importing Assets/Scripts/GameController.cs using Guid(bb14d359b067c074095ba8d78229abdd) Importer(815301076,1909f56bfc062723c751e8b465ee728b)  -> (artifact id: 'd7722fa477ec1ceb6897d5c820707435') in 0.018065 seconds 
========================================================================
Received Prepare
Registering precompiled user dll's ...
Registered in 0.007501 seconds.
Begin MonoManager ReloadAssembly
Symbol file LoadedFromMemory doesn't match image C:\Users\leo_k\OneDrive\Documentos\GitHub\Verdeando\VerdeandoTheGame\Library\PackageCache\com.unity.visualscripting@1.8.0\Editor\VisualScripting.Core\Dependencies\YamlDotNet\Unity.VisualScripting.YamlDotNet.dll
Symbol file LoadedFromMemory doesn't match image C:\Users\leo_k\OneDrive\Documentos\GitHub\Verdeando\VerdeandoTheGame\Library\PackageCache\com.unity.visualscripting@1.8.0\Editor\VisualScripting.Core\Dependencies\DotNetZip\Unity.VisualScripting.IonicZip.dll
Native extension for WindowsStandalone target not found
Native extension for Android target not found
Native extension for WebGL target not found
Refreshing native plugins compatible for Editor in 0.66 ms, found 3 plugins.
Preloading 0 native plugins for Editor in 0.00 ms.
Mono: successfully reloaded assembly
- Completed reload, in  2.621 seconds
Domain Reload Profiling:
	ReloadAssembly (2625ms)
		BeginReloadAssembly (1359ms)
			ExecutionOrderSort (0ms)
			DisableScriptedObjects (122ms)
			BackupInstance (0ms)
			ReleaseScriptingObjects (0ms)
			CreateAndSetChildDomain (325ms)
		EndReloadAssembly (1108ms)
			LoadAssemblies (382ms)
			RebuildTransferFunctionScriptingTraits (1ms)
			SetupTypeCache (423ms)
			ReleaseScriptCaches (3ms)
			RebuildScriptCaches (50ms)
			SetupLoadedEditorAssemblies (360ms)
				LogAssemblyErrors (0ms)
				InitializePlatformSupportModulesInManaged (33ms)
				SetLoadedEditorAssemblies (0ms)
				RefreshPlugins (1ms)
				BeforeProcessingInitializeOnLoad (71ms)
				ProcessInitializeOnLoadAttributes (215ms)
				ProcessInitializeOnLoadMethodAttributes (27ms)
				AfterProcessingInitializeOnLoad (13ms)
				EditorAssembliesLoaded (0ms)
			ExecutionOrderSort2 (0ms)
			AwakeInstancesAfterBackupRestoration (12ms)
Platform modules already initialized, skipping
Refreshing native plugins compatible for Editor in 4.29 ms, found 3 plugins.
Preloading 0 native plugins for Editor in 0.00 ms.
Unloading 2928 Unused Serialized files (Serialized files now loaded: 0)
Unloading 17 unused Assets / (26.3 KB). Loaded Objects now: 3444.
Memory consumption went from 127.0 MB to 126.9 MB.
Total: 11.479000 ms (FindLiveObjects: 0.244700 ms CreateObjectMapping: 0.072700 ms MarkObjects: 10.012100 ms  DeleteObjects: 1.147200 ms)

AssetImportParameters requested are different than current active one (requested -> active):
  custom:video-decoder-ogg-theora: a1e56fd34408186e4bbccfd4996cb3dc -> 
  custom:container-muxer-webm: aa71ff27fc2769a1b78a27578f13a17b -> 
  custom:container-demuxer-webm: 4f35f7cbe854078d1ac9338744f61a02 -> 
  custom:video-encoder-webm-vp8: eb34c28f22e8b96e1ab97ce403110664 -> 
  custom:video-codec-MediaFoundation-h265: 746d11721c4dcdbdad8f713fa42b33f4 -> 
  custom:audio-encoder-webm-vorbis: bf7c407c2cedff20999df2af8eb42d56 -> 
  custom:framework-win-MediaFoundation: 216162199b28c13a410421893ffa2e32 -> 
  custom:container-demuxer-ogg: 62fdf1f143b41e24485cea50d1cbac27 -> 
  custom:video-decoder-webm-vp8: 9c59270c3fd7afecdb556c50c9e8de78 -> 
  custom:audio-decoder-ogg-vorbis: bf7c407c2cedff20999df2af8eb42d56 -> 
========================================================================
Received Prepare
Registering precompiled user dll's ...
Registered in 0.006537 seconds.
Begin MonoManager ReloadAssembly
Symbol file LoadedFromMemory doesn't match image C:\Users\leo_k\OneDrive\Documentos\GitHub\Verdeando\VerdeandoTheGame\Library\PackageCache\com.unity.visualscripting@1.8.0\Editor\VisualScripting.Core\Dependencies\YamlDotNet\Unity.VisualScripting.YamlDotNet.dll
Symbol file LoadedFromMemory doesn't match image C:\Users\leo_k\OneDrive\Documentos\GitHub\Verdeando\VerdeandoTheGame\Library\PackageCache\com.unity.visualscripting@1.8.0\Editor\VisualScripting.Core\Dependencies\DotNetZip\Unity.VisualScripting.IonicZip.dll
Native extension for WindowsStandalone target not found
Native extension for Android target not found
Native extension for WebGL target not found
Refreshing native plugins compatible for Editor in 1.61 ms, found 3 plugins.
Preloading 0 native plugins for Editor in 0.00 ms.
Mono: successfully reloaded assembly
- Completed reload, in  1.527 seconds
Domain Reload Profiling:
	ReloadAssembly (1530ms)
		BeginReloadAssembly (544ms)
			ExecutionOrderSort (0ms)
			DisableScriptedObjects (68ms)
			BackupInstance (0ms)
			ReleaseScriptingObjects (0ms)
			CreateAndSetChildDomain (221ms)
		EndReloadAssembly (868ms)
			LoadAssemblies (182ms)
			RebuildTransferFunctionScriptingTraits (0ms)
			SetupTypeCache (300ms)
			ReleaseScriptCaches (6ms)
			RebuildScriptCaches (54ms)
			SetupLoadedEditorAssemblies (353ms)
				LogAssemblyErrors (0ms)
				InitializePlatformSupportModulesInManaged (33ms)
				SetLoadedEditorAssemblies (1ms)
				RefreshPlugins (2ms)
				BeforeProcessingInitializeOnLoad (65ms)
				ProcessInitializeOnLoadAttributes (227ms)
				ProcessInitializeOnLoadMethodAttributes (18ms)
				AfterProcessingInitializeOnLoad (7ms)
				EditorAssembliesLoaded (0ms)
			ExecutionOrderSort2 (0ms)
			AwakeInstancesAfterBackupRestoration (6ms)
Platform modules already initialized, skipping
Refreshing native plugins compatible for Editor in 2.84 ms, found 3 plugins.
Preloading 0 native plugins for Editor in 0.00 ms.
Unloading 2928 Unused Serialized files (Serialized files now loaded: 0)
Unloading 15 unused Assets / (24.7 KB). Loaded Objects now: 3447.
Memory consumption went from 127.0 MB to 126.9 MB.
Total: 8.092000 ms (FindLiveObjects: 0.289000 ms CreateObjectMapping: 0.096700 ms MarkObjects: 6.240900 ms  DeleteObjects: 1.463100 ms)

AssetImportParameters requested are different than current active one (requested -> active):
  custom:video-decoder-ogg-theora: a1e56fd34408186e4bbccfd4996cb3dc -> 
  custom:container-muxer-webm: aa71ff27fc2769a1b78a27578f13a17b -> 
  custom:container-demuxer-webm: 4f35f7cbe854078d1ac9338744f61a02 -> 
  custom:video-encoder-webm-vp8: eb34c28f22e8b96e1ab97ce403110664 -> 
  custom:video-codec-MediaFoundation-h265: 746d11721c4dcdbdad8f713fa42b33f4 -> 
  custom:audio-encoder-webm-vorbis: bf7c407c2cedff20999df2af8eb42d56 -> 
  custom:framework-win-MediaFoundation: 216162199b28c13a410421893ffa2e32 -> 
  custom:container-demuxer-ogg: 62fdf1f143b41e24485cea50d1cbac27 -> 
  custom:video-decoder-webm-vp8: 9c59270c3fd7afecdb556c50c9e8de78 -> 
  custom:audio-decoder-ogg-vorbis: bf7c407c2cedff20999df2af8eb42d56 -> 
========================================================================
Received Import Request.
  Time since last request: 3843.252066 seconds.
  path: Assets/Scripts/GameController.cs
  artifactKey: Guid(bb14d359b067c074095ba8d78229abdd) Importer(815301076,1909f56bfc062723c751e8b465ee728b)
Start importing Assets/Scripts/GameController.cs using Guid(bb14d359b067c074095ba8d78229abdd) Importer(815301076,1909f56bfc062723c751e8b465ee728b)  -> (artifact id: '1cd9e9fb073d378ecd3ba84fbf74a5ec') in 0.035977 seconds 
========================================================================
Received Import Request.
  Time since last request: 15.038452 seconds.
  path: Assets/Scripts/TimeController.cs
  artifactKey: Guid(31fade19040849e46b84f6eb2421af5e) Importer(815301076,1909f56bfc062723c751e8b465ee728b)
Start importing Assets/Scripts/TimeController.cs using Guid(31fade19040849e46b84f6eb2421af5e) Importer(815301076,1909f56bfc062723c751e8b465ee728b)  -> (artifact id: '7aa808e62533ca4b02225ea3333add72') in 0.041390 seconds 
========================================================================
Received Prepare
Registering precompiled user dll's ...
Registered in 0.003755 seconds.
Begin MonoManager ReloadAssembly
Symbol file LoadedFromMemory doesn't match image C:\Users\leo_k\OneDrive\Documentos\GitHub\Verdeando\VerdeandoTheGame\Library\PackageCache\com.unity.visualscripting@1.8.0\Editor\VisualScripting.Core\Dependencies\YamlDotNet\Unity.VisualScripting.YamlDotNet.dll
Symbol file LoadedFromMemory doesn't match image C:\Users\leo_k\OneDrive\Documentos\GitHub\Verdeando\VerdeandoTheGame\Library\PackageCache\com.unity.visualscripting@1.8.0\Editor\VisualScripting.Core\Dependencies\DotNetZip\Unity.VisualScripting.IonicZip.dll
Native extension for WindowsStandalone target not found
Native extension for Android target not found
Native extension for WebGL target not found
Refreshing native plugins compatible for Editor in 0.89 ms, found 3 plugins.
Preloading 0 native plugins for Editor in 0.00 ms.
Mono: successfully reloaded assembly
- Completed reload, in  1.549 seconds
Domain Reload Profiling:
	ReloadAssembly (1550ms)
		BeginReloadAssembly (128ms)
			ExecutionOrderSort (0ms)
			DisableScriptedObjects (8ms)
			BackupInstance (0ms)
			ReleaseScriptingObjects (0ms)
			CreateAndSetChildDomain (32ms)
		EndReloadAssembly (1311ms)
			LoadAssemblies (87ms)
			RebuildTransferFunctionScriptingTraits (0ms)
			SetupTypeCache (341ms)
			ReleaseScriptCaches (2ms)
			RebuildScriptCaches (84ms)
			SetupLoadedEditorAssemblies (674ms)
				LogAssemblyErrors (0ms)
				InitializePlatformSupportModulesInManaged (38ms)
				SetLoadedEditorAssemblies (1ms)
				RefreshPlugins (1ms)
				BeforeProcessingInitializeOnLoad (114ms)
				ProcessInitializeOnLoadAttributes (462ms)
				ProcessInitializeOnLoadMethodAttributes (45ms)
				AfterProcessingInitializeOnLoad (12ms)
				EditorAssembliesLoaded (0ms)
			ExecutionOrderSort2 (0ms)
			AwakeInstancesAfterBackupRestoration (12ms)
Platform modules already initialized, skipping
Refreshing native plugins compatible for Editor in 4.51 ms, found 3 plugins.
Preloading 0 native plugins for Editor in 0.00 ms.
Unloading 2928 Unused Serialized files (Serialized files now loaded: 0)
Unloading 15 unused Assets / (24.7 KB). Loaded Objects now: 3450.
Memory consumption went from 127.0 MB to 127.0 MB.
Total: 5.912700 ms (FindLiveObjects: 0.671400 ms CreateObjectMapping: 0.674600 ms MarkObjects: 4.398200 ms  DeleteObjects: 0.131400 ms)

AssetImportParameters requested are different than current active one (requested -> active):
  custom:video-decoder-ogg-theora: a1e56fd34408186e4bbccfd4996cb3dc -> 
  custom:container-muxer-webm: aa71ff27fc2769a1b78a27578f13a17b -> 
  custom:container-demuxer-webm: 4f35f7cbe854078d1ac9338744f61a02 -> 
  custom:video-encoder-webm-vp8: eb34c28f22e8b96e1ab97ce403110664 -> 
  custom:video-codec-MediaFoundation-h265: 746d11721c4dcdbdad8f713fa42b33f4 -> 
  custom:audio-encoder-webm-vorbis: bf7c407c2cedff20999df2af8eb42d56 -> 
  custom:framework-win-MediaFoundation: 216162199b28c13a410421893ffa2e32 -> 
  custom:container-demuxer-ogg: 62fdf1f143b41e24485cea50d1cbac27 -> 
  custom:video-decoder-webm-vp8: 9c59270c3fd7afecdb556c50c9e8de78 -> 
  custom:audio-decoder-ogg-vorbis: bf7c407c2cedff20999df2af8eb42d56 -> 
========================================================================
Received Prepare
Registering precompiled user dll's ...
Registered in 0.005956 seconds.
Begin MonoManager ReloadAssembly
Symbol file LoadedFromMemory doesn't match image C:\Users\leo_k\OneDrive\Documentos\GitHub\Verdeando\VerdeandoTheGame\Library\PackageCache\com.unity.visualscripting@1.8.0\Editor\VisualScripting.Core\Dependencies\YamlDotNet\Unity.VisualScripting.YamlDotNet.dll
Symbol file LoadedFromMemory doesn't match image C:\Users\leo_k\OneDrive\Documentos\GitHub\Verdeando\VerdeandoTheGame\Library\PackageCache\com.unity.visualscripting@1.8.0\Editor\VisualScripting.Core\Dependencies\DotNetZip\Unity.VisualScripting.IonicZip.dll
Native extension for WindowsStandalone target not found
Native extension for Android target not found
Native extension for WebGL target not found
Refreshing native plugins compatible for Editor in 1.21 ms, found 3 plugins.
Preloading 0 native plugins for Editor in 0.00 ms.
Mono: successfully reloaded assembly
- Completed reload, in  1.870 seconds
Domain Reload Profiling:
	ReloadAssembly (1871ms)
		BeginReloadAssembly (174ms)
			ExecutionOrderSort (0ms)
			DisableScriptedObjects (7ms)
			BackupInstance (0ms)
			ReleaseScriptingObjects (0ms)
			CreateAndSetChildDomain (37ms)
		EndReloadAssembly (1550ms)
			LoadAssemblies (146ms)
			RebuildTransferFunctionScriptingTraits (0ms)
			SetupTypeCache (457ms)
			ReleaseScriptCaches (4ms)
			RebuildScriptCaches (101ms)
			SetupLoadedEditorAssemblies (716ms)
				LogAssemblyErrors (0ms)
				InitializePlatformSupportModulesInManaged (50ms)
				SetLoadedEditorAssemblies (1ms)
				RefreshPlugins (1ms)
				BeforeProcessingInitializeOnLoad (117ms)
				ProcessInitializeOnLoadAttributes (483ms)
				ProcessInitializeOnLoadMethodAttributes (50ms)
				AfterProcessingInitializeOnLoad (15ms)
				EditorAssembliesLoaded (0ms)
			ExecutionOrderSort2 (0ms)
			AwakeInstancesAfterBackupRestoration (12ms)
Platform modules already initialized, skipping
Refreshing native plugins compatible for Editor in 3.39 ms, found 3 plugins.
Preloading 0 native plugins for Editor in 0.00 ms.
Unloading 2928 Unused Serialized files (Serialized files now loaded: 0)
Unloading 15 unused Assets / (24.6 KB). Loaded Objects now: 3453.
Memory consumption went from 127.0 MB to 127.0 MB.
Total: 5.063100 ms (FindLiveObjects: 0.514600 ms CreateObjectMapping: 0.141800 ms MarkObjects: 4.357400 ms  DeleteObjects: 0.046100 ms)

AssetImportParameters requested are different than current active one (requested -> active):
  custom:video-decoder-ogg-theora: a1e56fd34408186e4bbccfd4996cb3dc -> 
  custom:container-muxer-webm: aa71ff27fc2769a1b78a27578f13a17b -> 
  custom:container-demuxer-webm: 4f35f7cbe854078d1ac9338744f61a02 -> 
  custom:video-encoder-webm-vp8: eb34c28f22e8b96e1ab97ce403110664 -> 
  custom:video-codec-MediaFoundation-h265: 746d11721c4dcdbdad8f713fa42b33f4 -> 
  custom:audio-encoder-webm-vorbis: bf7c407c2cedff20999df2af8eb42d56 -> 
  custom:framework-win-MediaFoundation: 216162199b28c13a410421893ffa2e32 -> 
  custom:container-demuxer-ogg: 62fdf1f143b41e24485cea50d1cbac27 -> 
  custom:video-decoder-webm-vp8: 9c59270c3fd7afecdb556c50c9e8de78 -> 
  custom:audio-decoder-ogg-vorbis: bf7c407c2cedff20999df2af8eb42d56 -> 
========================================================================
Received Import Request.
  Time since last request: 537.202561 seconds.
  path: Assets/Scenes/MenuPrincipal.unity
  artifactKey: Guid(2cda990e2423bbf4892e6590ba056729) Importer(815301076,1909f56bfc062723c751e8b465ee728b)
Start importing Assets/Scenes/MenuPrincipal.unity using Guid(2cda990e2423bbf4892e6590ba056729) Importer(815301076,1909f56bfc062723c751e8b465ee728b)  -> (artifact id: '4086edb59d169f3d42a489b82121291f') in 0.024224 seconds 
========================================================================
Received Import Request.
  Time since last request: 155.355740 seconds.
  path: Assets/Images/Rectangle 81.png
  artifactKey: Guid(f428869a46ee3364e91d9aeaa6a970b3) Importer(815301076,1909f56bfc062723c751e8b465ee728b)
Start importing Assets/Images/Rectangle 81.png using Guid(f428869a46ee3364e91d9aeaa6a970b3) Importer(815301076,1909f56bfc062723c751e8b465ee728b)  -> (artifact id: '8fa6fd8c43a89a761a0517b8296a35b5') in 0.105119 seconds 
========================================================================
Received Import Request.
  Time since last request: 352.692573 seconds.
  path: Assets/Images/Inicio/Ellipse 2.png
  artifactKey: Guid(3db1df9af3e0e5749ad1f34246de4eb6) Importer(815301076,1909f56bfc062723c751e8b465ee728b)
Start importing Assets/Images/Inicio/Ellipse 2.png using Guid(3db1df9af3e0e5749ad1f34246de4eb6) Importer(815301076,1909f56bfc062723c751e8b465ee728b)  -> (artifact id: '78230fb27d2cbdca13ee37ddc82bed24') in 0.039635 seconds 
========================================================================
Received Import Request.
  Time since last request: 365.671841 seconds.
  path: Assets/Prefab/Worker.prefab
  artifactKey: Guid(5832b766e71ec4846a2069f63211d2b2) Importer(815301076,1909f56bfc062723c751e8b465ee728b)
Start importing Assets/Prefab/Worker.prefab using Guid(5832b766e71ec4846a2069f63211d2b2) Importer(815301076,1909f56bfc062723c751e8b465ee728b)  -> (artifact id: 'e85af2ddcd423e334523ee6d78aa77c8') in 0.046015 seconds 
========================================================================
Received Prepare
Registering precompiled user dll's ...
Registered in 0.004666 seconds.
Begin MonoManager ReloadAssembly
Symbol file LoadedFromMemory doesn't match image C:\Users\leo_k\OneDrive\Documentos\GitHub\Verdeando\VerdeandoTheGame\Library\PackageCache\com.unity.visualscripting@1.8.0\Editor\VisualScripting.Core\Dependencies\YamlDotNet\Unity.VisualScripting.YamlDotNet.dll
Symbol file LoadedFromMemory doesn't match image C:\Users\leo_k\OneDrive\Documentos\GitHub\Verdeando\VerdeandoTheGame\Library\PackageCache\com.unity.visualscripting@1.8.0\Editor\VisualScripting.Core\Dependencies\DotNetZip\Unity.VisualScripting.IonicZip.dll
Native extension for WindowsStandalone target not found
Native extension for Android target not found
Native extension for WebGL target not found
Refreshing native plugins compatible for Editor in 0.50 ms, found 3 plugins.
Preloading 0 native plugins for Editor in 0.00 ms.
Mono: successfully reloaded assembly
- Completed reload, in  1.609 seconds
Domain Reload Profiling:
	ReloadAssembly (1611ms)
		BeginReloadAssembly (270ms)
			ExecutionOrderSort (0ms)
			DisableScriptedObjects (12ms)
			BackupInstance (0ms)
			ReleaseScriptingObjects (0ms)
			CreateAndSetChildDomain (90ms)
		EndReloadAssembly (1149ms)
			LoadAssemblies (163ms)
			RebuildTransferFunctionScriptingTraits (0ms)
			SetupTypeCache (403ms)
			ReleaseScriptCaches (3ms)
			RebuildScriptCaches (52ms)
			SetupLoadedEditorAssemblies (486ms)
				LogAssemblyErrors (0ms)
				InitializePlatformSupportModulesInManaged (19ms)
				SetLoadedEditorAssemblies (0ms)
				RefreshPlugins (1ms)
				BeforeProcessingInitializeOnLoad (51ms)
				ProcessInitializeOnLoadAttributes (335ms)
				ProcessInitializeOnLoadMethodAttributes (62ms)
				AfterProcessingInitializeOnLoad (17ms)
				EditorAssembliesLoaded (0ms)
			ExecutionOrderSort2 (0ms)
			AwakeInstancesAfterBackupRestoration (14ms)
Platform modules already initialized, skipping
Refreshing native plugins compatible for Editor in 1.44 ms, found 3 plugins.
Preloading 0 native plugins for Editor in 0.00 ms.
Unloading 2928 Unused Serialized files (Serialized files now loaded: 0)
Unloading 15 unused Assets / (24.7 KB). Loaded Objects now: 3461.
Memory consumption went from 127.0 MB to 127.0 MB.
Total: 2.957900 ms (FindLiveObjects: 0.292900 ms CreateObjectMapping: 0.107400 ms MarkObjects: 2.528300 ms  DeleteObjects: 0.028500 ms)

AssetImportParameters requested are different than current active one (requested -> active):
  custom:video-decoder-ogg-theora: a1e56fd34408186e4bbccfd4996cb3dc -> 
  custom:container-muxer-webm: aa71ff27fc2769a1b78a27578f13a17b -> 
  custom:container-demuxer-webm: 4f35f7cbe854078d1ac9338744f61a02 -> 
  custom:video-encoder-webm-vp8: eb34c28f22e8b96e1ab97ce403110664 -> 
  custom:video-codec-MediaFoundation-h265: 746d11721c4dcdbdad8f713fa42b33f4 -> 
  custom:audio-encoder-webm-vorbis: bf7c407c2cedff20999df2af8eb42d56 -> 
  custom:framework-win-MediaFoundation: 216162199b28c13a410421893ffa2e32 -> 
  custom:container-demuxer-ogg: 62fdf1f143b41e24485cea50d1cbac27 -> 
  custom:video-decoder-webm-vp8: 9c59270c3fd7afecdb556c50c9e8de78 -> 
  custom:audio-decoder-ogg-vorbis: bf7c407c2cedff20999df2af8eb42d56 -> 
========================================================================
Received Import Request.
  Time since last request: 251.262524 seconds.
  path: Assets/Scenes/Inicio.unity
  artifactKey: Guid(134d1282b1de1e842bb6a4d25c74f5fd) Importer(815301076,1909f56bfc062723c751e8b465ee728b)
Start importing Assets/Scenes/Inicio.unity using Guid(134d1282b1de1e842bb6a4d25c74f5fd) Importer(815301076,1909f56bfc062723c751e8b465ee728b)  -> (artifact id: '5f0e912c009f0af4ab8d3415a8515d12') in 0.018479 seconds 
========================================================================
Received Prepare
Registering precompiled user dll's ...
Registered in 0.003763 seconds.
Begin MonoManager ReloadAssembly
Symbol file LoadedFromMemory doesn't match image C:\Users\leo_k\OneDrive\Documentos\GitHub\Verdeando\VerdeandoTheGame\Library\PackageCache\com.unity.visualscripting@1.8.0\Editor\VisualScripting.Core\Dependencies\YamlDotNet\Unity.VisualScripting.YamlDotNet.dll
Symbol file LoadedFromMemory doesn't match image C:\Users\leo_k\OneDrive\Documentos\GitHub\Verdeando\VerdeandoTheGame\Library\PackageCache\com.unity.visualscripting@1.8.0\Editor\VisualScripting.Core\Dependencies\DotNetZip\Unity.VisualScripting.IonicZip.dll
Native extension for WindowsStandalone target not found
Native extension for Android target not found
Native extension for WebGL target not found
Refreshing native plugins compatible for Editor in 1.71 ms, found 3 plugins.
Preloading 0 native plugins for Editor in 0.00 ms.
Mono: successfully reloaded assembly
- Completed reload, in  1.738 seconds
Domain Reload Profiling:
	ReloadAssembly (1739ms)
		BeginReloadAssembly (155ms)
			ExecutionOrderSort (0ms)
			DisableScriptedObjects (5ms)
			BackupInstance (0ms)
			ReleaseScriptingObjects (0ms)
			CreateAndSetChildDomain (31ms)
		EndReloadAssembly (1460ms)
			LoadAssemblies (132ms)
			RebuildTransferFunctionScriptingTraits (0ms)
			SetupTypeCache (447ms)
			ReleaseScriptCaches (3ms)
			RebuildScriptCaches (93ms)
			SetupLoadedEditorAssemblies (675ms)
				LogAssemblyErrors (0ms)
				InitializePlatformSupportModulesInManaged (44ms)
				SetLoadedEditorAssemblies (1ms)
				RefreshPlugins (2ms)
				BeforeProcessingInitializeOnLoad (105ms)
				ProcessInitializeOnLoadAttributes (466ms)
				ProcessInitializeOnLoadMethodAttributes (43ms)
				AfterProcessingInitializeOnLoad (14ms)
				EditorAssembliesLoaded (1ms)
			ExecutionOrderSort2 (0ms)
			AwakeInstancesAfterBackupRestoration (11ms)
Platform modules already initialized, skipping
Refreshing native plugins compatible for Editor in 3.24 ms, found 3 plugins.
Preloading 0 native plugins for Editor in 0.00 ms.
Unloading 2928 Unused Serialized files (Serialized files now loaded: 0)
Unloading 15 unused Assets / (24.6 KB). Loaded Objects now: 3464.
Memory consumption went from 127.0 MB to 127.0 MB.
Total: 4.840400 ms (FindLiveObjects: 0.399300 ms CreateObjectMapping: 0.211000 ms MarkObjects: 4.172900 ms  DeleteObjects: 0.055200 ms)

AssetImportParameters requested are different than current active one (requested -> active):
  custom:video-decoder-ogg-theora: a1e56fd34408186e4bbccfd4996cb3dc -> 
  custom:container-muxer-webm: aa71ff27fc2769a1b78a27578f13a17b -> 
  custom:container-demuxer-webm: 4f35f7cbe854078d1ac9338744f61a02 -> 
  custom:video-encoder-webm-vp8: eb34c28f22e8b96e1ab97ce403110664 -> 
  custom:video-codec-MediaFoundation-h265: 746d11721c4dcdbdad8f713fa42b33f4 -> 
  custom:audio-encoder-webm-vorbis: bf7c407c2cedff20999df2af8eb42d56 -> 
  custom:framework-win-MediaFoundation: 216162199b28c13a410421893ffa2e32 -> 
  custom:container-demuxer-ogg: 62fdf1f143b41e24485cea50d1cbac27 -> 
  custom:video-decoder-webm-vp8: 9c59270c3fd7afecdb556c50c9e8de78 -> 
  custom:audio-decoder-ogg-vorbis: bf7c407c2cedff20999df2af8eb42d56 -> 
========================================================================
Received Import Request.
  Time since last request: 27.828918 seconds.
  path: Assets/Scenes/MenuPrincipal.unity
  artifactKey: Guid(2cda990e2423bbf4892e6590ba056729) Importer(815301076,1909f56bfc062723c751e8b465ee728b)
Start importing Assets/Scenes/MenuPrincipal.unity using Guid(2cda990e2423bbf4892e6590ba056729) Importer(815301076,1909f56bfc062723c751e8b465ee728b)  -> (artifact id: 'be7e748255c6cddd63d4278e1423f039') in 0.024417 seconds 
========================================================================
Received Import Request.
  Time since last request: 839.457572 seconds.
  path: Assets/Images/Princimal
  artifactKey: Guid(cc91d0e394e6f2a44b5e2a89d085a343) Importer(815301076,1909f56bfc062723c751e8b465ee728b)
Start importing Assets/Images/Princimal using Guid(cc91d0e394e6f2a44b5e2a89d085a343) Importer(815301076,1909f56bfc062723c751e8b465ee728b)  -> (artifact id: 'c6f3eac5ce78684c0e4fc2c5b78f8ff8') in 0.019433 seconds 
========================================================================
Received Import Request.
  Time since last request: 22.745613 seconds.
  path: Assets/Images/Principal/intercambiar 1.png
  artifactKey: Guid(9590d734fa073e44b813c14201ba5e97) Importer(815301076,1909f56bfc062723c751e8b465ee728b)
Start importing Assets/Images/Principal/intercambiar 1.png using Guid(9590d734fa073e44b813c14201ba5e97) Importer(815301076,1909f56bfc062723c751e8b465ee728b)  -> (artifact id: 'fe42a687acdd2510093503c197d77a80') in 0.076887 seconds 
========================================================================
Received Import Request.
  Time since last request: 0.000026 seconds.
  path: Assets/Images/Principal/misiones.png
  artifactKey: Guid(55c25be477ab71643ae566a207fb3fbe) Importer(815301076,1909f56bfc062723c751e8b465ee728b)
Start importing Assets/Images/Principal/misiones.png using Guid(55c25be477ab71643ae566a207fb3fbe) Importer(815301076,1909f56bfc062723c751e8b465ee728b)  -> (artifact id: '9a6fe5d09690623c956459a1e0b88944') in 0.027554 seconds 
========================================================================
Received Import Request.
  Time since last request: 0.000035 seconds.
  path: Assets/Images/Principal/principal.png
  artifactKey: Guid(1a4472550df8b78409310828034890fa) Importer(815301076,1909f56bfc062723c751e8b465ee728b)
Start importing Assets/Images/Principal/principal.png using Guid(1a4472550df8b78409310828034890fa) Importer(815301076,1909f56bfc062723c751e8b465ee728b)  -> (artifact id: 'e335f47025697ea2f38b2046079739cb') in 0.029580 seconds 
========================================================================
Received Import Request.
  Time since last request: 0.000047 seconds.
  path: Assets/Images/Principal/tienda.png
  artifactKey: Guid(eb62ef770fe6ddc43a86ca2fa33bc838) Importer(815301076,1909f56bfc062723c751e8b465ee728b)
Start importing Assets/Images/Principal/tienda.png using Guid(eb62ef770fe6ddc43a86ca2fa33bc838) Importer(815301076,1909f56bfc062723c751e8b465ee728b)  -> (artifact id: 'd4a3b59378d91cf6e75468788655cf20') in 0.022375 seconds 
========================================================================
Received Import Request.
  Time since last request: 0.000245 seconds.
  path: Assets/Images/Principal/quiz.png
  artifactKey: Guid(b06650d5b2f40f74db20371630a27671) Importer(815301076,1909f56bfc062723c751e8b465ee728b)
Start importing Assets/Images/Principal/quiz.png using Guid(b06650d5b2f40f74db20371630a27671) Importer(815301076,1909f56bfc062723c751e8b465ee728b)  -> (artifact id: '0524d0fa69a69e9a9cd3128272dd54f3') in 0.039211 seconds 
========================================================================
Received Import Request.
  Time since last request: 209.389544 seconds.
  path: Assets/Images/Principal/Tablero.png
  artifactKey: Guid(9590d734fa073e44b813c14201ba5e97) Importer(815301076,1909f56bfc062723c751e8b465ee728b)
Start importing Assets/Images/Principal/Tablero.png using Guid(9590d734fa073e44b813c14201ba5e97) Importer(815301076,1909f56bfc062723c751e8b465ee728b)  -> (artifact id: '699d680f64f47bd5adaa9e60c3dd05e7') in 0.023109 seconds 
========================================================================
Received Import Request.
  Time since last request: 846.929372 seconds.
  path: Assets/Images/Principal/Coin.png
  artifactKey: Guid(91aa675b13f275f4e937bc7368d39890) Importer(815301076,1909f56bfc062723c751e8b465ee728b)
Start importing Assets/Images/Principal/Coin.png using Guid(91aa675b13f275f4e937bc7368d39890) Importer(815301076,1909f56bfc062723c751e8b465ee728b)  -> (artifact id: 'abbc0f472637b9f2c0feb693f974a71f') in 0.036820 seconds 
========================================================================
Received Import Request.
  Time since last request: 0.000061 seconds.
  path: Assets/Images/Principal/Rectangle 29.png
  artifactKey: Guid(64bd13500ece4f340bc7d606d83ace02) Importer(815301076,1909f56bfc062723c751e8b465ee728b)
Start importing Assets/Images/Principal/Rectangle 29.png using Guid(64bd13500ece4f340bc7d606d83ace02) Importer(815301076,1909f56bfc062723c751e8b465ee728b)  -> (artifact id: 'e671a9168aa0a67dccec6d7627b7a75e') in 0.034145 seconds 
